<?xml version="1.0" encoding="UTF-8"?>
<!-- Generated by org.testng.reporters.JUnitXMLReporter -->
<testsuite ignored="4" hostname="LAPTOP-6JUCE0OL" failures="0" tests="1" name="Default test(failed)" time="1.099" errors="0" timestamp="2023-09-22T16:39:44 IST">
  <testcase classname="zoho.emible_report" name="TC2" time="1.029"/>
  <testcase classname="zoho.emible_report" name="TC1" time="0.0">
    <ignored/>
  </testcase> <!-- TC1 -->
  <testcase classname="zoho.emible_report" name="TC0" time="0.0">
    <ignored/>
  </testcase> <!-- TC0 -->
  <testcase classname="zoho.emible_report" name="TC4" time="0.0">
    <ignored/>
  </testcase> <!-- TC4 -->
  <testcase classname="zoho.emible_report" name="TC3" time="0.0">
    <ignored/>
  </testcase> <!-- TC3 -->
</testsuite> <!-- Default test(failed) -->
