<?xml version="1.0" encoding="UTF-8"?>
<!-- Generated by org.testng.reporters.JUnitXMLReporter -->
<testsuite ignored="1" hostname="LAPTOP-6JUCE0OL" failures="0" tests="4" name="Test" time="0.072" errors="0" timestamp="2023-09-22T16:43:30 IST">
  <testcase classname="zoho.emible_report" name="TC0" time="0.008"/>
  <testcase classname="zoho.emible_report" name="TC1" time="0.002"/>
  <testcase classname="zoho.emible_report" name="TC3" time="0.001"/>
  <testcase classname="zoho.emible_report" name="TC4" time="0.001"/>
  <testcase classname="zoho.emible_report" name="TC2" time="0.0">
    <ignored/>
  </testcase> <!-- TC2 -->
</testsuite> <!-- Test -->
