<?xml version="1.0" encoding="UTF-8"?>
<testng-results ignored="0" total="1" passed="1" failed="0" skipped="0">
  <reporter-output>
  </reporter-output>
  <suite started-at="2023-09-26T12:39:56 IST" name="Default suite" finished-at="2023-09-26T12:40:06 IST" duration-ms="10147">
    <groups>
    </groups>
    <test started-at="2023-09-26T12:39:56 IST" name="Default test" finished-at="2023-09-26T12:40:06 IST" duration-ms="10147">
      <class name="zoho.screenshot_program">
        <test-method signature="screenshot()[pri:0, instance:zoho.screenshot_program@6da21078]" started-at="2023-09-26T12:39:56 IST" name="screenshot" finished-at="2023-09-26T12:40:06 IST" duration-ms="10103" status="PASS">
          <reporter-output>
          </reporter-output>
        </test-method> <!-- screenshot -->
      </class> <!-- zoho.screenshot_program -->
    </test> <!-- Default test -->
  </suite> <!-- Default suite -->
</testng-results>
